#! /usr/share/iverilog-0.9.7/bin/vvp
:ivl_version "0.9.7 " "(v0_9_6)";
:vpi_time_precision - 12;
:vpi_module "system";
:vpi_module "v2005_math";
:vpi_module "va_math";
S_0x1b2b7f0 .scope module, "light_tb" "light_tb" 2 5;
 .timescale -9 -12;
v0x1b46570_0 .var "car_ew", 0 0;
v0x1b46610_0 .var "clk", 0 0;
v0x1b466c0_0 .net "lights", 5 0, v0x1b462a0_0; 1 drivers
v0x1b46770_0 .var "rst", 0 0;
S_0x1b2feb0 .scope module, "l1" "light_fsm" 2 13, 3 55, S_0x1b2b7f0;
 .timescale -9 -12;
P_0x1b2ffa8 .param/l "green_ew" 3 63, C4<10>;
P_0x1b2ffd0 .param/l "green_ns" 3 63, C4<00>;
P_0x1b2fff8 .param/l "l_g_ew" 3 64, C4<001100>;
P_0x1b30020 .param/l "l_g_ns" 3 64, C4<100001>;
P_0x1b30048 .param/l "l_y_ew" 3 64, C4<000010>;
P_0x1b30070 .param/l "l_y_ns" 3 64, C4<010001>;
P_0x1b30098 .param/l "yellow_ew" 3 63, C4<11>;
P_0x1b300c0 .param/l "yellow_ns" 3 63, C4<01>;
v0x1b28150_0 .net "car_ew", 0 0, v0x1b46570_0; 1 drivers
v0x1b46200_0 .net "clk", 0 0, v0x1b46610_0; 1 drivers
v0x1b462a0_0 .var "lights", 5 0;
v0x1b46340_0 .var "next_state", 1 0;
v0x1b463f0_0 .net "rst", 0 0, v0x1b46770_0; 1 drivers
v0x1b46490_0 .var "state", 1 0;
E_0x1b30110 .event posedge, v0x1b463f0_0, v0x1b46200_0;
E_0x1b2c130 .event edge, v0x1b46490_0;
E_0x1b2c3b0 .event edge, v0x1b28150_0, v0x1b46490_0;
S_0x1b2b8e0 .scope module, "speed_fsm" "speed_fsm" 3 3;
 .timescale -9 -12;
P_0x1b2b9d8 .param/l "high" 3 10, C4<11>;
P_0x1b2ba00 .param/l "med" 3 10, C4<10>;
P_0x1b2ba28 .param/l "slow" 3 10, C4<01>;
P_0x1b2ba50 .param/l "stop" 3 10, C4<00>;
v0x1b468b0_0 .net "a", 0 0, C4<z>; 0 drivers
v0x1b46930_0 .net "b", 0 0, C4<z>; 0 drivers
v0x1b469d0_0 .net "clk", 0 0, C4<z>; 0 drivers
v0x1b46a70_0 .var "next_state", 1 0;
v0x1b46b20_0 .net "rst", 0 0, C4<z>; 0 drivers
v0x1b46bc0_0 .net "speed", 1 0, v0x1b46ca0_0; 1 drivers
v0x1b46ca0_0 .var "state", 1 0;
E_0x1b46850 .event posedge, v0x1b46b20_0, v0x1b469d0_0;
E_0x1b46880 .event edge, v0x1b46930_0, v0x1b468b0_0, v0x1b46ca0_0;
    .scope S_0x1b2feb0;
T_0 ;
    %wait E_0x1b2c3b0;
    %load/v 8, v0x1b46490_0, 2;
    %cmpi/u 8, 0, 2;
    %jmp/1 T_0.0, 6;
    %cmpi/u 8, 1, 2;
    %jmp/1 T_0.1, 6;
    %cmpi/u 8, 2, 2;
    %jmp/1 T_0.2, 6;
    %cmpi/u 8, 3, 2;
    %jmp/1 T_0.3, 6;
    %jmp T_0.4;
T_0.0 ;
    %load/v 8, v0x1b28150_0, 1;
    %jmp/0xz  T_0.5, 8;
    %movi 8, 1, 2;
    %set/v v0x1b46340_0, 8, 2;
    %jmp T_0.6;
T_0.5 ;
    %load/v 8, v0x1b46490_0, 2;
    %set/v v0x1b46340_0, 8, 2;
T_0.6 ;
    %jmp T_0.4;
T_0.1 ;
    %movi 8, 2, 2;
    %set/v v0x1b46340_0, 8, 2;
    %jmp T_0.4;
T_0.2 ;
    %set/v v0x1b46340_0, 1, 2;
    %jmp T_0.4;
T_0.3 ;
    %set/v v0x1b46340_0, 0, 2;
    %jmp T_0.4;
T_0.4 ;
    %jmp T_0;
    .thread T_0, $push;
    .scope S_0x1b2feb0;
T_1 ;
    %wait E_0x1b2c130;
    %load/v 8, v0x1b46490_0, 2;
    %cmpi/u 8, 0, 2;
    %jmp/1 T_1.0, 6;
    %cmpi/u 8, 1, 2;
    %jmp/1 T_1.1, 6;
    %cmpi/u 8, 2, 2;
    %jmp/1 T_1.2, 6;
    %cmpi/u 8, 3, 2;
    %jmp/1 T_1.3, 6;
    %jmp T_1.4;
T_1.0 ;
    %movi 8, 33, 6;
    %set/v v0x1b462a0_0, 8, 6;
    %jmp T_1.4;
T_1.1 ;
    %movi 8, 17, 6;
    %set/v v0x1b462a0_0, 8, 6;
    %jmp T_1.4;
T_1.2 ;
    %movi 8, 12, 6;
    %set/v v0x1b462a0_0, 8, 6;
    %jmp T_1.4;
T_1.3 ;
    %movi 8, 2, 6;
    %set/v v0x1b462a0_0, 8, 6;
    %jmp T_1.4;
T_1.4 ;
    %jmp T_1;
    .thread T_1, $push;
    .scope S_0x1b2feb0;
T_2 ;
    %wait E_0x1b30110;
    %load/v 8, v0x1b463f0_0, 1;
    %jmp/0xz  T_2.0, 8;
    %ix/load 0, 2, 0;
    %assign/v0 v0x1b46490_0, 0, 0;
    %jmp T_2.1;
T_2.0 ;
    %load/v 8, v0x1b46340_0, 2;
    %ix/load 0, 2, 0;
    %assign/v0 v0x1b46490_0, 0, 8;
T_2.1 ;
    %jmp T_2;
    .thread T_2;
    .scope S_0x1b2b7f0;
T_3 ;
    %set/v v0x1b46610_0, 0, 1;
    %end;
    .thread T_3;
    .scope S_0x1b2b7f0;
T_4 ;
    %delay 5000, 0;
    %load/v 8, v0x1b46610_0, 1;
    %inv 8, 1;
    %set/v v0x1b46610_0, 8, 1;
    %jmp T_4;
    .thread T_4;
    .scope S_0x1b2b7f0;
T_5 ;
    %vpi_call 2 21 "$monitor", "rst=%d, car_ew=%d, lights=%b, state=%d, next_state=%d", v0x1b46770_0, v0x1b46570_0, v0x1b466c0_0, v0x1b46490_0, v0x1b46340_0;
    %set/v v0x1b46770_0, 0, 1;
    %set/v v0x1b46570_0, 0, 1;
    %delay 2000, 0;
    %set/v v0x1b46770_0, 1, 1;
    %delay 20000, 0;
    %set/v v0x1b46770_0, 0, 1;
    %set/v v0x1b46570_0, 1, 1;
    %delay 50000, 0;
    %set/v v0x1b46570_0, 0, 1;
    %delay 100000, 0;
    %vpi_call 2 38 "$finish";
    %end;
    .thread T_5;
    .scope S_0x1b2b8e0;
T_6 ;
    %wait E_0x1b46880;
    %load/v 8, v0x1b46ca0_0, 2;
    %cmpi/u 8, 0, 2;
    %jmp/1 T_6.0, 6;
    %cmpi/u 8, 1, 2;
    %jmp/1 T_6.1, 6;
    %cmpi/u 8, 2, 2;
    %jmp/1 T_6.2, 6;
    %cmpi/u 8, 3, 2;
    %jmp/1 T_6.3, 6;
    %jmp T_6.4;
T_6.0 ;
    %load/v 8, v0x1b46930_0, 1;
    %jmp/0xz  T_6.5, 8;
    %set/v v0x1b46a70_0, 0, 2;
    %jmp T_6.6;
T_6.5 ;
    %load/v 8, v0x1b468b0_0, 1;
    %jmp/0xz  T_6.7, 8;
    %movi 8, 1, 2;
    %set/v v0x1b46a70_0, 8, 2;
    %jmp T_6.8;
T_6.7 ;
    %load/v 8, v0x1b46ca0_0, 2;
    %set/v v0x1b46a70_0, 8, 2;
T_6.8 ;
T_6.6 ;
    %jmp T_6.4;
T_6.1 ;
    %load/v 8, v0x1b46930_0, 1;
    %jmp/0xz  T_6.9, 8;
    %set/v v0x1b46a70_0, 0, 2;
    %jmp T_6.10;
T_6.9 ;
    %load/v 8, v0x1b468b0_0, 1;
    %jmp/0xz  T_6.11, 8;
    %movi 8, 2, 2;
    %set/v v0x1b46a70_0, 8, 2;
    %jmp T_6.12;
T_6.11 ;
    %load/v 8, v0x1b46ca0_0, 2;
    %set/v v0x1b46a70_0, 8, 2;
T_6.12 ;
T_6.10 ;
    %jmp T_6.4;
T_6.2 ;
    %load/v 8, v0x1b46930_0, 1;
    %jmp/0xz  T_6.13, 8;
    %movi 8, 1, 2;
    %set/v v0x1b46a70_0, 8, 2;
    %jmp T_6.14;
T_6.13 ;
    %load/v 8, v0x1b468b0_0, 1;
    %jmp/0xz  T_6.15, 8;
    %set/v v0x1b46a70_0, 1, 2;
    %jmp T_6.16;
T_6.15 ;
    %load/v 8, v0x1b46ca0_0, 2;
    %set/v v0x1b46a70_0, 8, 2;
T_6.16 ;
T_6.14 ;
    %jmp T_6.4;
T_6.3 ;
    %load/v 8, v0x1b46930_0, 1;
    %jmp/0xz  T_6.17, 8;
    %movi 8, 2, 2;
    %set/v v0x1b46a70_0, 8, 2;
    %jmp T_6.18;
T_6.17 ;
    %load/v 8, v0x1b468b0_0, 1;
    %jmp/0xz  T_6.19, 8;
    %set/v v0x1b46a70_0, 1, 2;
    %jmp T_6.20;
T_6.19 ;
    %load/v 8, v0x1b46ca0_0, 2;
    %set/v v0x1b46a70_0, 8, 2;
T_6.20 ;
T_6.18 ;
    %jmp T_6.4;
T_6.4 ;
    %jmp T_6;
    .thread T_6, $push;
    .scope S_0x1b2b8e0;
T_7 ;
    %wait E_0x1b46850;
    %load/v 8, v0x1b46b20_0, 1;
    %jmp/0xz  T_7.0, 8;
    %ix/load 0, 2, 0;
    %assign/v0 v0x1b46ca0_0, 0, 0;
    %jmp T_7.1;
T_7.0 ;
    %load/v 8, v0x1b46a70_0, 2;
    %ix/load 0, 2, 0;
    %assign/v0 v0x1b46ca0_0, 0, 8;
T_7.1 ;
    %jmp T_7;
    .thread T_7;
# The file index is used to find the file name in the following table.
:file_names 4;
    "N/A";
    "<interactive>";
    "testbench.sv";
    "design.sv";
